Include/Python.h
	#ifdef _POSIX_C_SOURCE
	#undef _POSIX_C_SOURCE
	#endif

	#ifdef _XOPEN_SOURCE
	#undef _XOPEN_SOURCE
	#endif
	
	#ifndef NDEBUG
	#define NDEBUG
	#endif

pgupdate.props:
   <Import Project="$(SolutionDir)\lib\python\PCbuild\pginstrument.props" />

script.hpp:
	#define SCRIPT_BIN_TAG "cpython-34"
	#define SCRIPT_BIN_CACHEDIR "__pycache__"

common.mak:
	PYTHONLIB = python

Makefile.pre.in
	1: all: -> all::
	2: install: -> install::
	3: clean: -> clean::

	4: 
	ifndef KBE_ROOT
	export KBE_ROOT := $(subst /kbe/src/lib/python,,$(CURDIR))
	endif

	include $(KBE_ROOT)/kbe/src/build/common.mak

	KBELIBDIR = $(KBE_ROOT)/kbe/src/libs
	KBE_PYTHONLIB = $(KBELIBDIR)/lib$(PYTHONLIB).a

	LIBRARY=	KBE_PYTHONLIB
	LDLIBRARY=      KBE_PYTHONLIB

	5:
	build_all:	$(BUILDPYTHON) oldsharedmods sharedmods gdbhooks Modules/_testembed python-config
		        @rm -rf $(KBE_ROOT)/kbe/res/scripts/common/lib-dynload				!!! added
		        @cp -rf "$(KBE_ROOT)/kbe/src/lib/python/build/lib.linux-$(shell uname -m)-$(VERSION)" "$(KBE_ROOT)/kbe/res/scripts/common/lib-dynload"			!!! added

setup.py
        search_for_ssl_incs_in = [
                              os.getenv("KBE_ROOT") + '/kbe/src/lib/dependencies/openssl/include/',
                              os.getenv("KBE_ROOT") + 'kbe/src/lib/dependencies/openssl/include/',
                              os.getcwd()[0 : os.getcwd().find("kbe/src/lib") + len("kbe/src/lib")] + "/dependencies/openssl/include/',
                             ]

        ssl_incs = find_file('openssl/ssl.h', [],
                             search_for_ssl_incs_in
                             )

        ssl_libs = find_library_file(self.compiler, 'ssl',[],
                                     [os.getenv("KBE_ROOT") + '/kbe/src/libs/',
                                     os.getenv("KBE_ROOT") + 'kbe/src/libs/',
                                     os.getcwd()[0 : os.getcwd().find("kbe/src/") + len("kbe/src/")] + "libs/,
                                     ] )

        opensslv_h = find_file('openssl/opensslv.h', [],
                search_for_ssl_incs_in)